  *******************************************
  *                                         *
  *        W E L C O M E  to  R O O T       *
  *                                         *
  *   Version   5.34/11   31 October 2013   *
  *                                         *
  *  You are welcome to visit our Web site  *
  *          http://root.cern.ch            *
  *                                         *
  *******************************************

ROOT 5.34/11 (heads/v5-34-00-patches@v5-34-11-23-g2867e3c, Nov 12 2013, 17:23:44 on macosx64)

CINT/ROOT C/C++ Interpreter version 5.18.00, July 2, 2010
Type ? for help. Commands must be C++ statements.
Enclose multiple statements between { }.

Processing run_g4.C("g4tgeoConfig.C")...
Loading Geant4 libraries (using geant4-config) ...
32
Loading VGM libraries ... 
Loading g4root library ...
Loading geant4vmc library ...
Info in <TGeoManager::TGeoManager>: Geometry VGM Root geometry, VGM Root geometry created
Warning in <TGeoManager::Init>: Deleting previous geometry: VGM Root geometry/VGM Root geometry
Info in <TGeoManager::TGeoManager>: Geometry E03_geometry, E03 VMC example geometry created
Info in <TGeoManager::SetTopVolume>: Top volume is WRLD. Master volume is WRLD
Info in <TGeoNavigator::BuildCache>: --- Maximum geometry depth set to 100
Info in <TGeoManager::CheckGeometry>: Fixing runtime shapes...
Info in <TGeoManager::CheckGeometry>: ...Nothing to fix
Info in <TGeoManager::CloseGeometry>: Counting nodes...
Info in <TGeoManager::Voxelize>: Voxelizing...
Info in <TGeoManager::CloseGeometry>: Building cache...
Info in <TGeoManager::CountLevels>: max level = 4, max placements = 2
Info in <TGeoManager::CloseGeometry>: 42 nodes/ 6 volume UID's in E03 VMC example geometry
Info in <TGeoManager::CloseGeometry>: ----------------modeler ready----------------
Info in <TG4RootNavMgr::SetNavigator>: TG4RootNavigator created and registered to G4TransportationManager

------------------------------------------------------------
---> The calorimeter is 10 layers of: [ 1cm of Lead + 0.5cm of liquidArgon ] 
------------------------------------------------------------
Running TVirtualMCApplication::ConstructGeometry
*************************************************************
 Geant4 version Name: geant4-09-06-patch-02    (17-May-2013)
                      Copyright : Geant4 Collaboration
                      Reference : NIM A 506 (2003), 250-303
                            WWW : http://cern.ch/geant4
*************************************************************

Info in <TG4RootNavMgr::Initialize>: Creating G4 hierarchy ...
Info in <TGeoManager::ConvertReflections>: Converting reflections in: E03_geometry - E03 VMC example geometry ...
Info in <TGeoManager::ConvertReflections>: Done
===> GEANT4 materials created and mapped to TGeo ones...
===> GEANT4 physical volumes created and mapped to TGeo hierarchy...
### INFO: TG4RootDetectorConstruction::Construct() finished
TG4PostDetConstruction::Initialize
G4 Stat: instantiated 6 logical volumes 
                      14 physical volumes
Info in <TG4RootNavMgr::ConnectToG4>: ROOT detector construction class connected to G4RunManager
Adding EMPhysicsList emStandard
Adding SpecialPhysicsList stepLimiter
Available UI session types: [ Qt, Xm, GAG, tcsh, csh ]
Geant4 has been created.
2013-11-26 14:19:22.464 root.exe[18432:507] modalSession has been exited prematurely - check for a reentrant call to endModalSession:
2013-11-26 14:19:23.175 root.exe[18432:507] modalSession has been exited prematurely - check for a reentrant call to endModalSession:
2013-11-26 14:19:23.754 root.exe[18432:507] modalSession has been exited prematurely - check for a reentrant call to endModalSession:
2013-11-26 14:19:24.855 root.exe[18432:507] modalSession has been exited prematurely - check for a reentrant call to endModalSession:

---> Begin of event: 1
   Absorber: total energy (MeV): 883.215       total track length (cm):  60.1841
   Gap:      total energy (MeV): 24.5542       total track length (cm):  11.8086

---> Begin of event: 2
   Absorber: total energy (MeV): 923.619       total track length (cm):  62.1367
   Gap:      total energy (MeV): 38.7826       total track length (cm):  18.7771

---> Begin of event: 3
   Absorber: total energy (MeV): 906.156       total track length (cm):  62.3709
   Gap:      total energy (MeV): 36.0729       total track length (cm):   17.403

---> Begin of event: 4
   Absorber: total energy (MeV): 909.367       total track length (cm):  61.9275
   Gap:      total energy (MeV): 38.2341       total track length (cm):  19.3754

---> Begin of event: 5
   Absorber: total energy (MeV):  933.96       total track length (cm):  63.2517
   Gap:      total energy (MeV): 27.6926       total track length (cm):  14.0586
