  *******************************************
  *                                         *
  *        W E L C O M E  to  R O O T       *
  *                                         *
  *   Version   5.34/11   31 October 2013   *
  *                                         *
  *  You are welcome to visit our Web site  *
  *          http://root.cern.ch            *
  *                                         *
  *******************************************

ROOT 5.34/11 (heads/v5-34-00-patches@v5-34-11-23-g2867e3c, Nov 12 2013, 17:23:44 on macosx64)

CINT/ROOT C/C++ Interpreter version 5.18.00, July 2, 2010
Type ? for help. Commands must be C++ statements.
Enclose multiple statements between { }.

Processing run_g4.C...
Loading Geant4 libraries (using geant4-config) ...
32
Loading VGM libraries ... 
Loading g4root library ...
Loading geant4vmc library ...

*************************************************************
 Geant4 version Name: geant4-09-06-patch-02    (17-May-2013)
                      Copyright : Geant4 Collaboration
                      Reference : NIM A 506 (2003), 250-303
                            WWW : http://cern.ch/geant4
*************************************************************

Adding HadronPhysicsList FTFP_BERT
G4PhysListFactory::GetReferencePhysList <FTFP_BERT>  EMoption= 0
<<< Geant4 Physics List simulation engine: FTFP_BERT 2.0

<<< Reference Physics List FTFP_BERT is built

Adding SpecialPhysicsList stepLimiter
Available UI session types: [ Qt, Xm, GAG, tcsh, csh ]
Geant4 has been created.
Info in <TGeoManager::TGeoManager>: Geometry E03_geometry, E03 VMC example geometry created
Info in <TGeoManager::SetTopVolume>: Top volume is WRLD. Master volume is WRLD
Info in <TGeoNavigator::BuildCache>: --- Maximum geometry depth set to 100
Info in <TGeoManager::CheckGeometry>: Fixing runtime shapes...
Info in <TGeoManager::CheckGeometry>: ...Nothing to fix
Info in <TGeoManager::CloseGeometry>: Counting nodes...
Info in <TGeoManager::Voxelize>: Voxelizing...
Info in <TGeoManager::CloseGeometry>: Building cache...
Info in <TGeoManager::CountLevels>: max level = 4, max placements = 2
Info in <TGeoManager::CloseGeometry>: 42 nodes/ 6 volume UID's in E03 VMC example geometry
Info in <TGeoManager::CloseGeometry>: ----------------modeler ready----------------
2013-11-26 14:19:14.672 root.exe[18427:507] modalSession has been exited prematurely - check for a reentrant call to endModalSession:
2013-11-26 14:19:15.760 root.exe[18427:507] modalSession has been exited prematurely - check for a reentrant call to endModalSession:
2013-11-26 14:19:16.532 root.exe[18427:507] modalSession has been exited prematurely - check for a reentrant call to endModalSession:
2013-11-26 14:19:17.698 root.exe[18427:507] modalSession has been exited prematurely - check for a reentrant call to endModalSession:

------------------------------------------------------------
---> The calorimeter is 10 layers of: [ 1cm of Lead + 0.5cm of liquidArgon ] 
------------------------------------------------------------

---> Begin of event: 1
   Absorber: total energy (MeV): 914.986       total track length (cm):  62.0015
   Gap:      total energy (MeV): 25.3539       total track length (cm):  12.3118

---> Begin of event: 2
   Absorber: total energy (MeV): 935.743       total track length (cm):  63.2842
   Gap:      total energy (MeV):  25.951       total track length (cm):  13.3224

---> Begin of event: 3
   Absorber: total energy (MeV): 911.694       total track length (cm):  61.6905
   Gap:      total energy (MeV): 41.4935       total track length (cm):  21.6975

---> Begin of event: 4
   Absorber: total energy (MeV):  920.55       total track length (cm):  62.8036
   Gap:      total energy (MeV): 31.3665       total track length (cm):  14.4364

---> Begin of event: 5
   Absorber: total energy (MeV): 904.789       total track length (cm):  61.8999
   Gap:      total energy (MeV): 35.4299       total track length (cm):  17.9258
