  *******************************************
  *                                         *
  *        W E L C O M E  to  R O O T       *
  *                                         *
  *   Version   5.34/11   31 October 2013   *
  *                                         *
  *  You are welcome to visit our Web site  *
  *          http://root.cern.ch            *
  *                                         *
  *******************************************

ROOT 5.34/11 (heads/v5-34-00-patches@v5-34-11-23-g2867e3c, Nov 12 2013, 17:23:44 on macosx64)

CINT/ROOT C/C++ Interpreter version 5.18.00, July 2, 2010
Type ? for help. Commands must be C++ statements.
Enclose multiple statements between { }.

Processing run_g3.C("g3tgeoConfig.C")...
Loading Geant3 libraries ...
Error in <TUnixSystem::DynamicPathName>: libPythia6[.so | .dll | .dylib | .sl | .dl | .a] does not exist in /usr/local/root/macosx64/lib:/usr/local/lib:/usr/local/root/macosx64/lib:/Users/fca/G5/geant/lib:/usr/local/cuda/lib:/usr/local/geant4_vmc/lib/tgt_macosx64:/usr/local/geant3/lib/tgt_macosx64::.:/usr/local/root/macosx64/lib:/usr/local/root/macosx64/lib:/usr/local/root/macosx64/cint/cint/stl
Loading Geant3 libraries ... finished
Geant3 has been created.
Info in <TGeoManager::TGeoManager>: Geometry E03_geometry, E03 VMC example geometry created
Info in <TGeoManager::SetTopVolume>: Top volume is WRLD. Master volume is WRLD
Info in <TGeoNavigator::BuildCache>: --- Maximum geometry depth set to 100
Info in <TGeoManager::CheckGeometry>: Fixing runtime shapes...
Info in <TGeoManager::CheckGeometry>: ...Nothing to fix
Info in <TGeoManager::CloseGeometry>: Counting nodes...
Info in <TGeoManager::Voxelize>: Voxelizing...
Info in <TGeoManager::CloseGeometry>: Building cache...
Info in <TGeoManager::CountLevels>: max level = 4, max placements = 2
Info in <TGeoManager::CloseGeometry>: 42 nodes/ 6 volume UID's in E03 VMC example geometry
Info in <TGeoManager::CloseGeometry>: ----------------modeler ready----------------

------------------------------------------------------------
---> The calorimeter is 10 layers of: [ 1cm of Lead + 0.5cm of liquidArgon ] 
------------------------------------------------------------

---> Begin of event: 1
Info in <TCanvas::MakeDefCanvas>:  created default TCanvas with name c1
   Absorber: total energy (MeV): 936.678       total track length (cm):  41.6659
   Gap:      total energy (MeV): 17.9447       total track length (cm):  8.49278

---> Begin of event: 2
   Absorber: total energy (MeV):  917.23       total track length (cm):  41.3365
   Gap:      total energy (MeV): 31.8076       total track length (cm):  14.2473

---> Begin of event: 3
   Absorber: total energy (MeV): 917.339       total track length (cm):     42.3
   Gap:      total energy (MeV): 28.6839       total track length (cm):  13.0283

---> Begin of event: 4
   Absorber: total energy (MeV): 915.661       total track length (cm):  41.0336
   Gap:      total energy (MeV): 35.9846       total track length (cm):  15.6429

---> Begin of event: 5
   Absorber: total energy (MeV): 939.295       total track length (cm):  45.0105
   Gap:      total energy (MeV): 36.4053       total track length (cm):  15.9358

 MZSTOR.  ZEBRA table base TAB(0) in /MZCC/ at adr    83386271     4F85F9F HEX

 MZSTOR.  Initialize Store  0  in /GCBANK/
          with Store/Table at absolute adrs    83444181    83386271
                                        HEX     4F941D5     4F85F9F
                                        HEX        E042           0
                              relative adrs       57410           0
          with     1 Str. in     2 Links in   5300 Low words in 4999970 words.
          This store has a fence of   16 words.

 MZLOGL.  Set Log Level 0 for store  0
1*****  GEANT Version  3.21/11 Released on 100298
0*****  Correction Cradle Version  0.1100

 MZDIV.   Initialize Division  Constant  in Store  0
          NW/NWMAX=   20004000000,  MODE/KIND=  1  2
          Division 20 initialized.

 MZLINK.  Initialize Link Area  /GCLINK/  for Store  0 NL/NS=    20    20

 MZLINK.  Initialize Link Area  /GCSLNK/  for Store  0 NL/NS=   100   100

 Calculating cross section tables, see gphysi.dat for more information

 Cross section calculation concluded successfully
 **** GTRIGI: IEVENT=      1 IDEVT=      1 Random Seeds =       4357           0
 GTREVE_ROOT : Transporting primary track No         20
 GTREVE_ROOT : Transporting primary track No         10
 **** GTRIGI: IEVENT=      2 IDEVT=      2 Random Seeds =       4357           0
 GTREVE_ROOT : Transporting primary track No         20
 GTREVE_ROOT : Transporting primary track No         10
 **** GTRIGI: IEVENT=      3 IDEVT=      3 Random Seeds =       4357           0
 GTREVE_ROOT : Transporting primary track No         20
 GTREVE_ROOT : Transporting primary track No         10
 **** GTRIGI: IEVENT=      4 IDEVT=      4 Random Seeds =       4357           0
 GTREVE_ROOT : Transporting primary track No         20
 GTREVE_ROOT : Transporting primary track No         10
 **** GTRIGI: IEVENT=      5 IDEVT=      5 Random Seeds =       4357           0
 GTREVE_ROOT : Transporting primary track No         20
 GTREVE_ROOT : Transporting primary track No         10
